mode: atomic
github.com/george-maroun/tracecheck/internal/stringutil/is.go:6.29,7.22 1 4
github.com/george-maroun/tracecheck/internal/stringutil/is.go:7.22,8.25 1 9
github.com/george-maroun/tracecheck/internal/stringutil/is.go:8.25,11.4 1 2
github.com/george-maroun/tracecheck/internal/stringutil/is.go:14.2,14.13 1 2
github.com/george-maroun/tracecheck/internal/bytebufferpool/pool.go:9.26,11.3 1 1
github.com/george-maroun/tracecheck/internal/bytebufferpool/pool.go:14.26,18.2 3 1
github.com/george-maroun/tracecheck/internal/bytebufferpool/pool.go:20.29,22.2 1 1
github.com/george-maroun/tracecheck/internal/rules/rules.go:26.47,32.9 3 0
github.com/george-maroun/tracecheck/internal/rules/rules.go:32.9,34.3 1 0
github.com/george-maroun/tracecheck/internal/rules/rules.go:36.2,36.30 1 0
github.com/george-maroun/tracecheck/internal/rules/rules.go:36.30,38.27 2 0
github.com/george-maroun/tracecheck/internal/rules/rules.go:38.27,40.4 1 0
github.com/george-maroun/tracecheck/internal/rules/rules.go:43.2,43.14 1 0
github.com/george-maroun/tracecheck/internal/rules/rules.go:46.49,51.37 4 1
github.com/george-maroun/tracecheck/internal/rules/rules.go:52.22,54.53 2 0
github.com/george-maroun/tracecheck/internal/rules/rules.go:54.53,56.4 1 0
github.com/george-maroun/tracecheck/internal/rules/rules.go:57.20,58.23 1 0
github.com/george-maroun/tracecheck/internal/rules/rules.go:61.2,61.22 1 1
github.com/george-maroun/tracecheck/internal/rules/rules.go:61.22,64.3 1 1
github.com/george-maroun/tracecheck/internal/rules/rules.go:66.2,68.58 3 0
github.com/george-maroun/tracecheck/internal/rules/rules.go:68.58,70.38 2 0
github.com/george-maroun/tracecheck/internal/rules/rules.go:70.38,71.13 1 0
github.com/george-maroun/tracecheck/internal/rules/rules.go:71.13,74.5 1 0
github.com/george-maroun/tracecheck/internal/rules/rules.go:75.4,76.35 2 0
github.com/george-maroun/tracecheck/internal/rules/rules.go:78.3,78.21 1 0
github.com/george-maroun/tracecheck/internal/rules/rules.go:81.2,81.21 1 0
github.com/george-maroun/tracecheck/internal/rules/rules.go:84.56,88.32 3 0
github.com/george-maroun/tracecheck/internal/rules/rules.go:88.32,90.3 1 0
github.com/george-maroun/tracecheck/internal/rules/rules.go:92.2,92.16 1 0
github.com/george-maroun/tracecheck/internal/rules/rules.go:92.16,95.37 3 0
github.com/george-maroun/tracecheck/internal/rules/rules.go:95.37,97.4 1 0
github.com/george-maroun/tracecheck/internal/rules/rules.go:100.2,100.13 1 0
github.com/george-maroun/tracecheck/internal/rules/rules.go:109.81,110.59 1 6
github.com/george-maroun/tracecheck/internal/rules/rules.go:110.59,112.3 1 37
github.com/george-maroun/tracecheck/internal/rules/rules.go:113.2,113.43 1 6
github.com/george-maroun/tracecheck/internal/rules/rules.go:113.43,115.3 1 1
github.com/george-maroun/tracecheck/internal/rules/rules.go:117.2,120.34 3 5
github.com/george-maroun/tracecheck/internal/rules/rules.go:120.34,121.48 1 4
github.com/george-maroun/tracecheck/internal/rules/rules.go:121.48,123.4 1 1
github.com/george-maroun/tracecheck/internal/rules/rules.go:125.3,128.39 4 3
github.com/george-maroun/tracecheck/internal/rules/rules.go:128.39,131.4 2 2
github.com/george-maroun/tracecheck/internal/rules/rules.go:133.3,133.67 1 3
github.com/george-maroun/tracecheck/internal/rules/rules.go:133.67,135.4 1 35
github.com/george-maroun/tracecheck/internal/rules/rules.go:136.3,136.54 1 3
github.com/george-maroun/tracecheck/internal/rules/rules.go:136.54,138.4 1 1
github.com/george-maroun/tracecheck/internal/rules/rules.go:139.3,140.24 2 2
github.com/george-maroun/tracecheck/internal/rules/rules.go:140.24,142.4 1 1
github.com/george-maroun/tracecheck/internal/rules/rules.go:143.3,144.40 2 2
github.com/george-maroun/tracecheck/internal/rules/rules.go:145.8,147.3 1 1
github.com/george-maroun/tracecheck/internal/rules/rules.go:149.2,149.32 1 3
github.com/george-maroun/tracecheck/internal/rules/rules.go:152.63,154.29 2 0
github.com/george-maroun/tracecheck/internal/rules/rules.go:154.29,155.17 1 0
github.com/george-maroun/tracecheck/internal/rules/rules.go:155.17,156.12 1 0
github.com/george-maroun/tracecheck/internal/rules/rules.go:159.3,159.35 1 0
github.com/george-maroun/tracecheck/internal/rules/rules.go:159.35,160.12 1 0
github.com/george-maroun/tracecheck/internal/rules/rules.go:163.3,164.17 2 0
github.com/george-maroun/tracecheck/internal/rules/rules.go:164.17,166.4 1 0
github.com/george-maroun/tracecheck/internal/rules/rules.go:167.3,167.75 1 0
github.com/george-maroun/tracecheck/internal/rules/rules.go:170.2,170.50 1 0
github.com/george-maroun/tracecheck/internal/rules/rules.go:170.50,172.32 2 0
github.com/george-maroun/tracecheck/internal/rules/rules.go:172.32,175.4 2 0
github.com/george-maroun/tracecheck/internal/rules/rules.go:177.3,182.5 1 0
github.com/george-maroun/tracecheck/internal/rules/rules.go:184.2,184.20 1 0
github.com/george-maroun/tracecheck/internal/rules/rules.go:187.63,192.21 3 1
github.com/george-maroun/tracecheck/internal/rules/rules.go:192.21,195.3 2 0
github.com/george-maroun/tracecheck/internal/rules/rules.go:196.2,196.38 1 1
github.com/george-maroun/tracecheck/internal/rules/rules.go:196.38,198.3 1 1
github.com/george-maroun/tracecheck/internal/rules/rules.go:200.2,200.26 1 0
github.com/george-maroun/tracecheck/internal/sets/string.go:12.43,16.2 3 3
github.com/george-maroun/tracecheck/internal/sets/string.go:18.44,19.29 1 3
github.com/george-maroun/tracecheck/internal/sets/string.go:19.29,21.3 1 6
github.com/george-maroun/tracecheck/internal/sets/string.go:24.42,27.2 2 3
github.com/george-maroun/tracecheck/internal/sets/string.go:29.36,30.17 1 8
github.com/george-maroun/tracecheck/internal/sets/string.go:30.17,32.3 1 4
github.com/george-maroun/tracecheck/internal/sets/string.go:34.2,35.21 2 4
github.com/george-maroun/tracecheck/internal/sets/string.go:35.21,37.3 1 7
github.com/george-maroun/tracecheck/internal/sets/string.go:38.2,39.12 2 4
github.com/george-maroun/tracecheck/internal/sets/string.go:43.41,45.13 2 3
github.com/george-maroun/tracecheck/internal/sets/string.go:45.13,48.3 2 1
github.com/george-maroun/tracecheck/internal/sets/string.go:50.2,53.12 4 2
github.com/george-maroun/tracecheck/internal/sets/string.go:57.36,59.2 1 4
